<?xml version="1.0" encoding="UTF-8"?>
<coverage generated="1785224666038" clover="3.2.0">
  <project timestamp="1785224666038" name="All files">
    <metrics statements="110" coveredstatements="110" conditionals="127" coveredconditionals="84" methods="26" coveredmethods="22" elements="263" coveredelements="216" complexity="0" loc="110" ncloc="110" packages="9" files="11" classes="11"/>
    <package name="src">
      <metrics statements="9" coveredstatements="9" conditionals="15" coveredconditionals="7" methods="1" coveredmethods="1"/>
      <file name="GifsApp.tsx" path="/home/elros/Documents/Programming/React-2026/03-gifs-app/src/GifsApp.tsx">
        <metrics statements="9" coveredstatements="9" conditionals="15" coveredconditionals="7" methods="1" coveredmethods="1"/>
        <line num="7" count="1" type="stmt"/>
        <line num="10" count="1" type="cond" truecount="1" falsecount="1"/>
        <line num="13" count="1" type="stmt"/>
        <line num="15" count="1" type="stmt"/>
        <line num="18" count="1" type="cond" truecount="1" falsecount="1"/>
        <line num="20" count="1" type="cond" truecount="2" falsecount="2"/>
        <line num="23" count="1" type="cond" truecount="1" falsecount="1"/>
        <line num="26" count="1" type="cond" truecount="2" falsecount="3"/>
        <line num="27" count="1" type="stmt"/>
      </file>
    </package>
    <package name="src.counter.components">
      <metrics statements="13" coveredstatements="13" conditionals="21" coveredconditionals="14" methods="1" coveredmethods="1"/>
      <file name="MyCounterApp.tsx" path="/home/elros/Documents/Programming/React-2026/03-gifs-app/src/counter/components/MyCounterApp.tsx">
        <metrics statements="13" coveredstatements="13" conditionals="21" coveredconditionals="14" methods="1" coveredmethods="1"/>
        <line num="7" count="2" type="stmt"/>
        <line num="9" count="8" type="stmt"/>
        <line num="11" count="8" type="cond" truecount="2" falsecount="0"/>
        <line num="14" count="8" type="stmt"/>
        <line num="15" count="6" type="stmt"/>
        <line num="20" count="8" type="cond" truecount="1" falsecount="1"/>
        <line num="22" count="8" type="cond" truecount="2" falsecount="0"/>
        <line num="23" count="8" type="cond" truecount="1" falsecount="1"/>
        <line num="24" count="8" type="cond" truecount="2" falsecount="0"/>
        <line num="25" count="8" type="cond" truecount="2" falsecount="0"/>
        <line num="26" count="8" type="cond" truecount="2" falsecount="3"/>
        <line num="27" count="8" type="cond" truecount="2" falsecount="2"/>
        <line num="28" count="8" type="stmt"/>
      </file>
    </package>
    <package name="src.counter.components.hooks">
      <metrics statements="13" coveredstatements="13" conditionals="13" coveredconditionals="9" methods="5" coveredmethods="5"/>
      <file name="useCounter.tsx" path="/home/elros/Documents/Programming/React-2026/03-gifs-app/src/counter/components/hooks/useCounter.tsx">
        <metrics statements="13" coveredstatements="13" conditionals="13" coveredconditionals="9" methods="5" coveredmethods="5"/>
        <line num="8" count="14" type="cond" truecount="2" falsecount="0"/>
        <line num="10" count="14" type="cond" truecount="1" falsecount="1"/>
        <line num="13" count="14" type="stmt"/>
        <line num="14" count="2" type="stmt"/>
        <line num="15" count="14" type="cond" truecount="2" falsecount="0"/>
        <line num="17" count="14" type="stmt"/>
        <line num="18" count="2" type="stmt"/>
        <line num="19" count="14" type="cond" truecount="2" falsecount="0"/>
        <line num="21" count="14" type="stmt"/>
        <line num="22" count="2" type="stmt"/>
        <line num="23" count="14" type="cond" truecount="2" falsecount="3"/>
        <line num="26" count="14" type="stmt"/>
        <line num="33" count="14" type="stmt"/>
      </file>
    </package>
    <package name="src.gifs.actions">
      <metrics statements="8" coveredstatements="8" conditionals="2" coveredconditionals="2" methods="2" coveredmethods="2"/>
      <file name="get-gifs-by-query.ts" path="/home/elros/Documents/Programming/React-2026/03-gifs-app/src/gifs/actions/get-gifs-by-query.ts">
        <metrics statements="8" coveredstatements="8" conditionals="2" coveredconditionals="2" methods="2" coveredmethods="2"/>
        <line num="5" count="3" type="stmt"/>
        <line num="6" count="6" type="stmt"/>
        <line num="10" count="6" type="cond" truecount="2" falsecount="0"/>
        <line num="11" count="1" type="stmt"/>
        <line num="14" count="5" type="stmt"/>
        <line num="22" count="40" type="stmt"/>
        <line num="30" count="1" type="stmt"/>
        <line num="31" count="1" type="stmt"/>
      </file>
    </package>
    <package name="src.gifs.api">
      <metrics statements="1" coveredstatements="1" conditionals="0" coveredconditionals="0" methods="0" coveredmethods="0"/>
      <file name="giphy.api.ts" path="/home/elros/Documents/Programming/React-2026/03-gifs-app/src/gifs/api/giphy.api.ts">
        <metrics statements="1" coveredstatements="1" conditionals="0" coveredconditionals="0" methods="0" coveredmethods="0"/>
        <line num="3" count="4" type="stmt"/>
      </file>
    </package>
    <package name="src.gifs.components">
      <metrics statements="10" coveredstatements="10" conditionals="14" coveredconditionals="7" methods="5" coveredmethods="2"/>
      <file name="GifList.tsx" path="/home/elros/Documents/Programming/React-2026/03-gifs-app/src/gifs/components/GifList.tsx">
        <metrics statements="5" coveredstatements="5" conditionals="4" coveredconditionals="2" methods="2" coveredmethods="1"/>
        <line num="8" count="1" type="cond" truecount="1" falsecount="1"/>
        <line num="10" count="1" type="stmt"/>
        <line num="11" count="1" type="stmt"/>
        <line num="19" count="1" type="cond" truecount="1" falsecount="1"/>
        <line num="20" count="1" type="stmt"/>
      </file>
      <file name="PreviousSearches.tsx" path="/home/elros/Documents/Programming/React-2026/03-gifs-app/src/gifs/components/PreviousSearches.tsx">
        <metrics statements="5" coveredstatements="5" conditionals="10" coveredconditionals="5" methods="3" coveredmethods="1"/>
        <line num="8" count="1" type="cond" truecount="1" falsecount="1"/>
        <line num="10" count="1" type="stmt"/>
        <line num="11" count="1" type="cond" truecount="3" falsecount="3"/>
        <line num="14" count="1" type="cond" truecount="1" falsecount="1"/>
        <line num="17" count="1" type="stmt"/>
      </file>
    </package>
    <package name="src.gifs.hooks">
      <metrics statements="24" coveredstatements="24" conditionals="23" coveredconditionals="20" methods="3" coveredmethods="3"/>
      <file name="useGifs.tsx" path="/home/elros/Documents/Programming/React-2026/03-gifs-app/src/gifs/hooks/useGifs.tsx">
        <metrics statements="24" coveredstatements="24" conditionals="23" coveredconditionals="20" methods="3" coveredmethods="3"/>
        <line num="9" count="11" type="cond" truecount="2" falsecount="0"/>
        <line num="11" count="11" type="cond" truecount="2" falsecount="0"/>
        <line num="14" count="11" type="cond" truecount="2" falsecount="0"/>
        <line num="28" count="11" type="cond" truecount="2" falsecount="0"/>
        <line num="32" count="11" type="stmt"/>
        <line num="33" count="3" type="stmt"/>
        <line num="36" count="3" type="cond" truecount="2" falsecount="0"/>
        <line num="38" count="1" type="stmt"/>
        <line num="44" count="2" type="stmt"/>
        <line num="45" count="2" type="stmt"/>
        <line num="46" count="2" type="stmt"/>
        <line num="47" count="11" type="cond" truecount="2" falsecount="0"/>
        <line num="50" count="11" type="cond" truecount="1" falsecount="1"/>
        <line num="52" count="5" type="stmt"/>
        <line num="55" count="5" type="cond" truecount="1" falsecount="1"/>
        <line num="58" count="5" type="cond" truecount="1" falsecount="1"/>
        <line num="61" count="5" type="stmt"/>
        <line num="63" count="5" type="stmt"/>
        <line num="66" count="5" type="stmt"/>
        <line num="69" count="5" type="stmt"/>
        <line num="70" count="5" type="stmt"/>
        <line num="71" count="11" type="cond" truecount="5" falsecount="0"/>
        <line num="73" count="10" type="stmt"/>
        <line num="80" count="11" type="stmt"/>
      </file>
    </package>
    <package name="src.shared.components">
      <metrics statements="31" coveredstatements="31" conditionals="39" coveredconditionals="25" methods="9" coveredmethods="8"/>
      <file name="CustomHeader.tsx" path="/home/elros/Documents/Programming/React-2026/03-gifs-app/src/shared/components/CustomHeader.tsx">
        <metrics statements="5" coveredstatements="5" conditionals="10" coveredconditionals="6" methods="1" coveredmethods="1"/>
        <line num="8" count="4" type="cond" truecount="1" falsecount="1"/>
        <line num="10" count="4" type="stmt"/>
        <line num="11" count="4" type="cond" truecount="1" falsecount="1"/>
        <line num="12" count="4" type="cond" truecount="4" falsecount="2"/>
        <line num="13" count="4" type="stmt"/>
      </file>
      <file name="SearchBar.tsx" path="/home/elros/Documents/Programming/React-2026/03-gifs-app/src/shared/components/SearchBar.tsx">
        <metrics statements="26" coveredstatements="26" conditionals="29" coveredconditionals="19" methods="8" coveredmethods="7"/>
        <line num="8" count="12" type="cond" truecount="2" falsecount="0"/>
        <line num="11" count="12" type="cond" truecount="2" falsecount="0"/>
        <line num="14" count="12" type="stmt"/>
        <line num="15" count="6" type="stmt"/>
        <line num="16" count="6" type="stmt"/>
        <line num="17" count="12" type="cond" truecount="3" falsecount="1"/>
        <line num="20" count="12" type="stmt"/>
        <line num="22" count="1" type="stmt"/>
        <line num="24" count="1" type="stmt"/>
        <line num="25" count="12" type="cond" truecount="3" falsecount="1"/>
        <line num="28" count="12" type="stmt"/>
        <line num="29" count="12" type="stmt"/>
        <line num="31" count="12" type="stmt"/>
        <line num="33" count="2" type="stmt"/>
        <line num="34" count="12" type="stmt"/>
        <line num="40" count="12" type="stmt"/>
        <line num="43" count="12" type="stmt"/>
        <line num="44" count="12" type="cond" truecount="2" falsecount="0"/>
        <line num="47" count="12" type="stmt"/>
        <line num="48" count="12" type="stmt"/>
        <line num="53" count="12" type="cond" truecount="1" falsecount="1"/>
        <line num="55" count="12" type="cond" truecount="3" falsecount="4"/>
        <line num="56" count="12" type="cond" truecount="1" falsecount="1"/>
        <line num="57" count="12" type="stmt"/>
        <line num="60" count="12" type="cond" truecount="2" falsecount="2"/>
        <line num="61" count="12" type="stmt"/>
      </file>
    </package>
    <package name="src.tests.mock">
      <metrics statements="1" coveredstatements="1" conditionals="0" coveredconditionals="0" methods="0" coveredmethods="0"/>
      <file name="giphy.response.data.ts" path="/home/elros/Documents/Programming/React-2026/03-gifs-app/src/tests/mock/giphy.response.data.ts">
        <metrics statements="1" coveredstatements="1" conditionals="0" coveredconditionals="0" methods="0" coveredmethods="0"/>
        <line num="1" count="1" type="stmt"/>
      </file>
    </package>
  </project>
</coverage>
