{"/home/elros/Documents/Programming/React-2026/03-gifs-app/src/GifsApp.tsx": {"path":"/home/elros/Documents/Programming/React-2026/03-gifs-app/src/GifsApp.tsx","statementMap":{"0":{"start":{"line":7,"column":13},"end":{"line":27,"column":null}},"1":{"start":{"line":7,"column":23},"end":{"line":7,"column":null}},"2":{"start":{"line":10,"column":2},"end":{"line":10,"column":77}},"3":{"start":{"line":10,"column":77},"end":{"line":18,"column":null}},"4":{"start":{"line":15,"column":6},"end":{"line":17,"column":null}},"5":{"start":{"line":18,"column":8},"end":{"line":18,"column":null}},"6":{"start":{"line":18,"column":8},"end":{"line":20,"column":null}},"7":{"start":{"line":20,"column":6},"end":{"line":20,"column":68}},"8":{"start":{"line":20,"column":68},"end":{"line":20,"column":null}},"9":{"start":{"line":20,"column":68},"end":{"line":23,"column":null}},"10":{"start":{"line":23,"column":6},"end":{"line":23,"column":84}},"11":{"start":{"line":23,"column":84},"end":{"line":23,"column":null}},"12":{"start":{"line":23,"column":84},"end":{"line":26,"column":null}},"13":{"start":{"line":26,"column":8},"end":{"line":26,"column":31}},"14":{"start":{"line":26,"column":31},"end":{"line":26,"column":null}},"15":{"start":{"line":26,"column":31},"end":{"line":27,"column":null}},"16":{"start":{"line":13,"column":4},"end":{"line":26,"column":null}},"17":{"start":{"line":27,"column":7},"end":{"line":27,"column":null}},"18":{"start":{"line":27,"column":7},"end":{"line":13,"column":null}}},"fnMap":{"0":{"name":"(anonymous_0)","decl":{"start":{"line":7,"column":13},"end":{"line":7,"column":23}},"loc":{"start":{"line":7,"column":23},"end":{"line":27,"column":null}},"line":7}},"branchMap":{"0":{"loc":{"start":{"line":10,"column":77},"end":{"line":18,"column":null}},"type":"if","locations":[{"start":{"line":10,"column":77},"end":{"line":18,"column":null}},{"start":{"line":18,"column":8},"end":{"line":18,"column":null}}],"line":10},"1":{"loc":{"start":{"line":18,"column":8},"end":{"line":20,"column":null}},"type":"if","locations":[{"start":{"line":18,"column":8},"end":{"line":20,"column":null}},{"start":{"line":20,"column":68},"end":{"line":20,"column":null}}],"line":18},"2":{"loc":{"start":{"line":20,"column":68},"end":{"line":23,"column":null}},"type":"if","locations":[{"start":{"line":20,"column":68},"end":{"line":23,"column":null}},{"start":{"line":23,"column":84},"end":{"line":23,"column":null}}],"line":20},"3":{"loc":{"start":{"line":20,"column":68},"end":{"line":20,"column":null}},"type":"binary-expr","locations":[{"start":{"line":20,"column":68},"end":{"line":20,"column":null}},{"start":{"line":20,"column":68},"end":{"line":20,"column":null}}],"line":20},"4":{"loc":{"start":{"line":23,"column":84},"end":{"line":26,"column":null}},"type":"if","locations":[{"start":{"line":23,"column":84},"end":{"line":26,"column":null}},{"start":{"line":26,"column":31},"end":{"line":26,"column":null}}],"line":23},"5":{"loc":{"start":{"line":26,"column":31},"end":{"line":27,"column":null}},"type":"if","locations":[{"start":{"line":26,"column":31},"end":{"line":27,"column":null}},{"start":{"line":27,"column":7},"end":{"line":27,"column":null}}],"line":26},"6":{"loc":{"start":{"line":26,"column":31},"end":{"line":26,"column":null}},"type":"binary-expr","locations":[{"start":{"line":26,"column":31},"end":{"line":26,"column":null}},{"start":{"line":26,"column":31},"end":{"line":26,"column":null}},{"start":{"line":26,"column":31},"end":{"line":26,"column":null}}],"line":26}},"s":{"0":1,"1":1,"2":1,"3":1,"4":1,"5":0,"6":1,"7":1,"8":0,"9":1,"10":1,"11":0,"12":1,"13":1,"14":0,"15":1,"16":1,"17":0,"18":1},"f":{"0":1},"b":{"0":[1,0],"1":[1,0],"2":[1,0],"3":[1,0],"4":[1,0],"5":[1,0],"6":[1,0,0]},"meta":{"lastBranch":7,"lastFunction":1,"lastStatement":19,"seen":{"s:7:13:27:Infinity":0,"f:7:13:7:23":0,"s:7:23:7:Infinity":1,"s:10:2:10:77":2,"b:10:77:18:Infinity:18:8:18:Infinity":0,"s:10:77:18:Infinity":3,"s:15:6:17:Infinity":4,"s:18:8:18:Infinity":5,"b:18:8:20:Infinity:20:68:20:Infinity":1,"s:18:8:20:Infinity":6,"s:20:6:20:68":7,"s:20:68:20:Infinity":8,"b:20:68:23:Infinity:23:84:23:Infinity":2,"s:20:68:23:Infinity":9,"b:20:68:20:Infinity:20:68:20:Infinity":3,"s:23:6:23:84":10,"s:23:84:23:Infinity":11,"b:23:84:26:Infinity:26:31:26:Infinity":4,"s:23:84:26:Infinity":12,"s:26:8:26:31":13,"s:26:31:26:Infinity":14,"b:26:31:27:Infinity:27:7:27:Infinity":5,"s:26:31:27:Infinity":15,"b:26:31:26:Infinity:26:31:26:Infinity:26:31:26:Infinity":6,"s:13:4:26:Infinity":16,"s:27:7:27:Infinity":17,"s:27:7:13:Infinity":18},"fnNames":{}}}
,"/home/elros/Documents/Programming/React-2026/03-gifs-app/src/counter/components/MyCounterApp.tsx": {"path":"/home/elros/Documents/Programming/React-2026/03-gifs-app/src/counter/components/MyCounterApp.tsx","statementMap":{"0":{"start":{"line":7,"column":30},"end":{"line":7,"column":null}},"1":{"start":{"line":9,"column":13},"end":{"line":28,"column":null}},"2":{"start":{"line":9,"column":28},"end":{"line":9,"column":null}},"3":{"start":{"line":11,"column":2},"end":{"line":11,"column":97}},"4":{"start":{"line":11,"column":97},"end":{"line":20,"column":null}},"5":{"start":{"line":15,"column":13},"end":{"line":20,"column":7}},"6":{"start":{"line":20,"column":7},"end":{"line":20,"column":null}},"7":{"start":{"line":20,"column":7},"end":{"line":22,"column":null}},"8":{"start":{"line":22,"column":6},"end":{"line":22,"column":null}},"9":{"start":{"line":22,"column":53},"end":{"line":22,"column":null}},"10":{"start":{"line":22,"column":53},"end":{"line":23,"column":null}},"11":{"start":{"line":23,"column":18},"end":{"line":23,"column":50}},"12":{"start":{"line":23,"column":50},"end":{"line":23,"column":null}},"13":{"start":{"line":23,"column":50},"end":{"line":24,"column":null}},"14":{"start":{"line":24,"column":8},"end":{"line":24,"column":null}},"15":{"start":{"line":24,"column":47},"end":{"line":24,"column":null}},"16":{"start":{"line":24,"column":47},"end":{"line":25,"column":null}},"17":{"start":{"line":25,"column":8},"end":{"line":25,"column":null}},"18":{"start":{"line":25,"column":53},"end":{"line":25,"column":null}},"19":{"start":{"line":25,"column":53},"end":{"line":26,"column":null}},"20":{"start":{"line":26,"column":8},"end":{"line":26,"column":null}},"21":{"start":{"line":26,"column":52},"end":{"line":26,"column":null}},"22":{"start":{"line":26,"column":52},"end":{"line":27,"column":null}},"23":{"start":{"line":23,"column":6},"end":{"line":27,"column":null}},"24":{"start":{"line":27,"column":12},"end":{"line":27,"column":null}},"25":{"start":{"line":27,"column":12},"end":{"line":28,"column":null}},"26":{"start":{"line":14,"column":4},"end":{"line":28,"column":null}},"27":{"start":{"line":28,"column":10},"end":{"line":28,"column":null}},"28":{"start":{"line":28,"column":10},"end":{"line":14,"column":null}}},"fnMap":{"0":{"name":"(anonymous_0)","decl":{"start":{"line":9,"column":13},"end":{"line":9,"column":28}},"loc":{"start":{"line":9,"column":28},"end":{"line":28,"column":null}},"line":9}},"branchMap":{"0":{"loc":{"start":{"line":11,"column":97},"end":{"line":20,"column":null}},"type":"if","locations":[{"start":{"line":11,"column":97},"end":{"line":20,"column":null}},{"start":{"line":20,"column":7},"end":{"line":20,"column":null}}],"line":11},"1":{"loc":{"start":{"line":20,"column":7},"end":{"line":22,"column":null}},"type":"if","locations":[{"start":{"line":20,"column":7},"end":{"line":22,"column":null}},{"start":{"line":22,"column":53},"end":{"line":22,"column":null}}],"line":20},"2":{"loc":{"start":{"line":22,"column":53},"end":{"line":23,"column":null}},"type":"if","locations":[{"start":{"line":22,"column":53},"end":{"line":23,"column":null}},{"start":{"line":23,"column":50},"end":{"line":23,"column":null}}],"line":22},"3":{"loc":{"start":{"line":23,"column":50},"end":{"line":24,"column":null}},"type":"if","locations":[{"start":{"line":23,"column":50},"end":{"line":24,"column":null}},{"start":{"line":24,"column":47},"end":{"line":24,"column":null}}],"line":23},"4":{"loc":{"start":{"line":24,"column":47},"end":{"line":25,"column":null}},"type":"if","locations":[{"start":{"line":24,"column":47},"end":{"line":25,"column":null}},{"start":{"line":25,"column":53},"end":{"line":25,"column":null}}],"line":24},"5":{"loc":{"start":{"line":25,"column":53},"end":{"line":26,"column":null}},"type":"if","locations":[{"start":{"line":25,"column":53},"end":{"line":26,"column":null}},{"start":{"line":26,"column":52},"end":{"line":26,"column":null}}],"line":25},"6":{"loc":{"start":{"line":26,"column":52},"end":{"line":27,"column":null}},"type":"if","locations":[{"start":{"line":26,"column":52},"end":{"line":27,"column":null}},{"start":{"line":27,"column":12},"end":{"line":27,"column":null}}],"line":26},"7":{"loc":{"start":{"line":26,"column":52},"end":{"line":26,"column":null}},"type":"binary-expr","locations":[{"start":{"line":26,"column":52},"end":{"line":26,"column":null}},{"start":{"line":26,"column":52},"end":{"line":26,"column":null}},{"start":{"line":26,"column":52},"end":{"line":26,"column":null}}],"line":26},"8":{"loc":{"start":{"line":27,"column":12},"end":{"line":28,"column":null}},"type":"if","locations":[{"start":{"line":27,"column":12},"end":{"line":28,"column":null}},{"start":{"line":28,"column":10},"end":{"line":28,"column":null}}],"line":27},"9":{"loc":{"start":{"line":27,"column":12},"end":{"line":27,"column":null}},"type":"binary-expr","locations":[{"start":{"line":27,"column":12},"end":{"line":27,"column":null}},{"start":{"line":27,"column":12},"end":{"line":27,"column":null}}],"line":27}},"s":{"0":2,"1":2,"2":8,"3":8,"4":8,"5":6,"6":2,"7":8,"8":8,"9":0,"10":8,"11":6,"12":2,"13":8,"14":8,"15":0,"16":8,"17":6,"18":2,"19":8,"20":6,"21":2,"22":8,"23":8,"24":0,"25":8,"26":8,"27":0,"28":8},"f":{"0":8},"b":{"0":[6,2],"1":[8,0],"2":[6,2],"3":[8,0],"4":[6,2],"5":[6,2],"6":[8,0],"7":[8,0,0],"8":[8,0],"9":[8,0]},"meta":{"lastBranch":10,"lastFunction":1,"lastStatement":29,"seen":{"s:7:30:7:Infinity":0,"s:9:13:28:Infinity":1,"f:9:13:9:28":0,"s:9:28:9:Infinity":2,"s:11:2:11:97":3,"b:11:97:20:Infinity:20:7:20:Infinity":0,"s:11:97:20:Infinity":4,"s:15:13:20:7":5,"s:20:7:20:Infinity":6,"b:20:7:22:Infinity:22:53:22:Infinity":1,"s:20:7:22:Infinity":7,"s:22:6:22:Infinity":8,"s:22:53:22:Infinity":9,"b:22:53:23:Infinity:23:50:23:Infinity":2,"s:22:53:23:Infinity":10,"s:23:18:23:50":11,"s:23:50:23:Infinity":12,"b:23:50:24:Infinity:24:47:24:Infinity":3,"s:23:50:24:Infinity":13,"s:24:8:24:Infinity":14,"s:24:47:24:Infinity":15,"b:24:47:25:Infinity:25:53:25:Infinity":4,"s:24:47:25:Infinity":16,"s:25:8:25:Infinity":17,"s:25:53:25:Infinity":18,"b:25:53:26:Infinity:26:52:26:Infinity":5,"s:25:53:26:Infinity":19,"s:26:8:26:Infinity":20,"s:26:52:26:Infinity":21,"b:26:52:27:Infinity:27:12:27:Infinity":6,"s:26:52:27:Infinity":22,"b:26:52:26:Infinity:26:52:26:Infinity:26:52:26:Infinity":7,"s:23:6:27:Infinity":23,"s:27:12:27:Infinity":24,"b:27:12:28:Infinity:28:10:28:Infinity":8,"s:27:12:28:Infinity":25,"b:27:12:27:Infinity:27:12:27:Infinity":9,"s:14:4:28:Infinity":26,"s:28:10:28:Infinity":27,"s:28:10:14:Infinity":28},"fnNames":{}}}
,"/home/elros/Documents/Programming/React-2026/03-gifs-app/src/counter/components/hooks/useCounter.tsx": {"path":"/home/elros/Documents/Programming/React-2026/03-gifs-app/src/counter/components/hooks/useCounter.tsx","statementMap":{"0":{"start":{"line":8,"column":13},"end":{"line":33,"column":null}},"1":{"start":{"line":8,"column":26},"end":{"line":8,"column":27}},"2":{"start":{"line":8,"column":27},"end":{"line":8,"column":null}},"3":{"start":{"line":10,"column":2},"end":{"line":10,"column":63}},"4":{"start":{"line":10,"column":63},"end":{"line":15,"column":6}},"5":{"start":{"line":13,"column":22},"end":{"line":14,"column":null}},"6":{"start":{"line":14,"column":8},"end":{"line":14,"column":31}},"7":{"start":{"line":15,"column":5},"end":{"line":15,"column":6}},"8":{"start":{"line":13,"column":22},"end":{"line":13,"column":null}},"9":{"start":{"line":15,"column":6},"end":{"line":19,"column":6}},"10":{"start":{"line":17,"column":28},"end":{"line":18,"column":null}},"11":{"start":{"line":18,"column":8},"end":{"line":18,"column":54}},"12":{"start":{"line":19,"column":5},"end":{"line":19,"column":6}},"13":{"start":{"line":17,"column":28},"end":{"line":17,"column":null}},"14":{"start":{"line":19,"column":6},"end":{"line":23,"column":6}},"15":{"start":{"line":21,"column":24},"end":{"line":22,"column":null}},"16":{"start":{"line":22,"column":8},"end":{"line":22,"column":32}},"17":{"start":{"line":23,"column":5},"end":{"line":23,"column":6}},"18":{"start":{"line":21,"column":24},"end":{"line":21,"column":null}},"19":{"start":{"line":23,"column":6},"end":{"line":33,"column":null}},"20":{"start":{"line":26,"column":11},"end":{"line":33,"column":5}},"21":{"start":{"line":33,"column":5},"end":{"line":33,"column":null}},"22":{"start":{"line":33,"column":5},"end":{"line":26,"column":null}},"23":{"start":{"line":8,"column":26},"end":{"line":18,"column":53}}},"fnMap":{"0":{"name":"(anonymous_0)","decl":{"start":{"line":8,"column":13},"end":{"line":8,"column":26}},"loc":{"start":{"line":8,"column":26},"end":{"line":33,"column":null}},"line":8},"1":{"name":"(anonymous_1)","decl":{"start":{"line":13,"column":22},"end":{"line":13,"column":null}},"loc":{"start":{"line":13,"column":22},"end":{"line":14,"column":null}},"line":13},"2":{"name":"(anonymous_2)","decl":{"start":{"line":17,"column":28},"end":{"line":17,"column":null}},"loc":{"start":{"line":17,"column":28},"end":{"line":18,"column":null}},"line":17},"3":{"name":"(anonymous_3)","decl":{"start":{"line":21,"column":24},"end":{"line":21,"column":null}},"loc":{"start":{"line":21,"column":24},"end":{"line":22,"column":null}},"line":21},"4":{"name":"_temp","decl":{"start":{"line":8,"column":26},"end":{"line":8,"column":27}},"loc":{"start":{"line":8,"column":26},"end":{"line":18,"column":54}},"line":8}},"branchMap":{"0":{"loc":{"start":{"line":8,"column":27},"end":{"line":8,"column":null}},"type":"cond-expr","locations":[{"start":{"line":8,"column":27},"end":{"line":8,"column":null}},{"start":{"line":8,"column":27},"end":{"line":8,"column":null}}],"line":8},"1":{"loc":{"start":{"line":10,"column":63},"end":{"line":15,"column":6}},"type":"if","locations":[{"start":{"line":10,"column":63},"end":{"line":15,"column":6}},{"start":{"line":15,"column":5},"end":{"line":15,"column":6}}],"line":10},"2":{"loc":{"start":{"line":15,"column":6},"end":{"line":19,"column":6}},"type":"if","locations":[{"start":{"line":15,"column":6},"end":{"line":19,"column":6}},{"start":{"line":19,"column":5},"end":{"line":19,"column":6}}],"line":15},"3":{"loc":{"start":{"line":19,"column":6},"end":{"line":23,"column":6}},"type":"if","locations":[{"start":{"line":19,"column":6},"end":{"line":23,"column":6}},{"start":{"line":23,"column":5},"end":{"line":23,"column":6}}],"line":19},"4":{"loc":{"start":{"line":23,"column":6},"end":{"line":33,"column":null}},"type":"if","locations":[{"start":{"line":23,"column":6},"end":{"line":33,"column":null}},{"start":{"line":33,"column":5},"end":{"line":33,"column":null}}],"line":23},"5":{"loc":{"start":{"line":23,"column":6},"end":{"line":23,"column":null}},"type":"binary-expr","locations":[{"start":{"line":23,"column":6},"end":{"line":23,"column":null}},{"start":{"line":23,"column":6},"end":{"line":23,"column":null}},{"start":{"line":23,"column":6},"end":{"line":23,"column":null}}],"line":23}},"s":{"0":2,"1":14,"2":14,"3":14,"4":14,"5":14,"6":2,"7":0,"8":14,"9":14,"10":10,"11":2,"12":4,"13":14,"14":14,"15":10,"16":2,"17":4,"18":14,"19":14,"20":14,"21":0,"22":14,"23":2},"f":{"0":14,"1":2,"2":2,"3":2,"4":2},"b":{"0":[1,13],"1":[14,0],"2":[10,4],"3":[10,4],"4":[14,0],"5":[14,0,0]},"meta":{"lastBranch":6,"lastFunction":5,"lastStatement":24,"seen":{"s:8:13:33:Infinity":0,"f:8:13:8:26":0,"s:8:26:8:27":1,"s:8:27:8:Infinity":2,"b:8:27:8:Infinity:8:27:8:Infinity":0,"s:10:2:10:63":3,"b:10:63:15:6:15:5:15:6":1,"s:10:63:15:6":4,"s:13:22:14:Infinity":5,"f:13:22:13:Infinity":1,"s:14:8:14:31":6,"s:15:5:15:6":7,"s:13:22:13:Infinity":8,"b:15:6:19:6:19:5:19:6":2,"s:15:6:19:6":9,"s:17:28:18:Infinity":10,"f:17:28:17:Infinity":2,"s:18:8:18:54":11,"s:19:5:19:6":12,"s:17:28:17:Infinity":13,"b:19:6:23:6:23:5:23:6":3,"s:19:6:23:6":14,"s:21:24:22:Infinity":15,"f:21:24:21:Infinity":3,"s:22:8:22:32":16,"s:23:5:23:6":17,"s:21:24:21:Infinity":18,"b:23:6:33:Infinity:33:5:33:Infinity":4,"s:23:6:33:Infinity":19,"b:23:6:23:Infinity:23:6:23:Infinity:23:6:23:Infinity":5,"s:26:11:33:5":20,"s:33:5:33:Infinity":21,"s:33:5:26:Infinity":22,"f:8:26:8:27":4,"s:8:26:18:53":23},"fnNames":{}}}
,"/home/elros/Documents/Programming/React-2026/03-gifs-app/src/gifs/actions/get-gifs-by-query.ts": {"path":"/home/elros/Documents/Programming/React-2026/03-gifs-app/src/gifs/actions/get-gifs-by-query.ts","statementMap":{"0":{"start":{"line":5,"column":30},"end":{"line":33,"column":null}},"1":{"start":{"line":6,"column":2},"end":{"line":32,"column":null}},"2":{"start":{"line":10,"column":4},"end":{"line":12,"column":null}},"3":{"start":{"line":11,"column":6},"end":{"line":11,"column":null}},"4":{"start":{"line":14,"column":21},"end":{"line":19,"column":null}},"5":{"start":{"line":22,"column":4},"end":{"line":28,"column":null}},"6":{"start":{"line":22,"column":44},"end":{"line":28,"column":6}},"7":{"start":{"line":30,"column":4},"end":{"line":30,"column":null}},"8":{"start":{"line":31,"column":4},"end":{"line":31,"column":null}}},"fnMap":{"0":{"name":"(anonymous_0)","decl":{"start":{"line":5,"column":30},"end":{"line":5,"column":37}},"loc":{"start":{"line":5,"column":71},"end":{"line":33,"column":null}},"line":5},"1":{"name":"(anonymous_1)","decl":{"start":{"line":22,"column":30},"end":{"line":22,"column":35}},"loc":{"start":{"line":22,"column":44},"end":{"line":28,"column":6}},"line":22}},"branchMap":{"0":{"loc":{"start":{"line":10,"column":4},"end":{"line":12,"column":null}},"type":"if","locations":[{"start":{"line":10,"column":4},"end":{"line":12,"column":null}},{"start":{},"end":{}}],"line":10}},"s":{"0":3,"1":6,"2":6,"3":1,"4":5,"5":4,"6":40,"7":1,"8":1},"f":{"0":6,"1":40},"b":{"0":[1,5]},"meta":{"lastBranch":1,"lastFunction":2,"lastStatement":9,"seen":{"s:5:30:33:Infinity":0,"f:5:30:5:37":0,"s:6:2:32:Infinity":1,"b:10:4:12:Infinity:undefined:undefined:undefined:undefined":0,"s:10:4:12:Infinity":2,"s:11:6:11:Infinity":3,"s:14:21:19:Infinity":4,"s:22:4:28:Infinity":5,"f:22:30:22:35":1,"s:22:44:28:6":6,"s:30:4:30:Infinity":7,"s:31:4:31:Infinity":8},"fnNames":{}}}
,"/home/elros/Documents/Programming/React-2026/03-gifs-app/src/gifs/api/giphy.api.ts": {"path":"/home/elros/Documents/Programming/React-2026/03-gifs-app/src/gifs/api/giphy.api.ts","statementMap":{"0":{"start":{"line":3,"column":24},"end":{"line":9,"column":null}}},"fnMap":{},"branchMap":{},"s":{"0":4},"f":{},"b":{},"meta":{"lastBranch":0,"lastFunction":0,"lastStatement":1,"seen":{"s:3:24:9:Infinity":0},"fnNames":{}}}
,"/home/elros/Documents/Programming/React-2026/03-gifs-app/src/gifs/components/GifList.tsx": {"path":"/home/elros/Documents/Programming/React-2026/03-gifs-app/src/gifs/components/GifList.tsx","statementMap":{"0":{"start":{"line":8,"column":13},"end":{"line":20,"column":null}},"1":{"start":{"line":8,"column":34},"end":{"line":8,"column":35}},"2":{"start":{"line":8,"column":35},"end":{"line":8,"column":43}},"3":{"start":{"line":8,"column":43},"end":{"line":19,"column":null}},"4":{"start":{"line":11,"column":9},"end":{"line":19,"column":10}},"5":{"start":{"line":19,"column":10},"end":{"line":19,"column":null}},"6":{"start":{"line":19,"column":10},"end":{"line":20,"column":null}},"7":{"start":{"line":10,"column":4},"end":{"line":20,"column":null}},"8":{"start":{"line":20,"column":12},"end":{"line":20,"column":null}},"9":{"start":{"line":20,"column":12},"end":{"line":10,"column":19}},"10":{"start":{"line":8,"column":34},"end":{"line":18,"column":null}}},"fnMap":{"0":{"name":"(anonymous_0)","decl":{"start":{"line":8,"column":13},"end":{"line":8,"column":34}},"loc":{"start":{"line":8,"column":34},"end":{"line":20,"column":null}},"line":8},"1":{"name":"_temp","decl":{"start":{"line":8,"column":34},"end":{"line":8,"column":35}},"loc":{"start":{"line":8,"column":34},"end":{"line":18,"column":null}},"line":8}},"branchMap":{"0":{"loc":{"start":{"line":8,"column":43},"end":{"line":19,"column":null}},"type":"if","locations":[{"start":{"line":8,"column":43},"end":{"line":19,"column":null}},{"start":{"line":19,"column":10},"end":{"line":19,"column":null}}],"line":8},"1":{"loc":{"start":{"line":19,"column":10},"end":{"line":20,"column":null}},"type":"if","locations":[{"start":{"line":19,"column":10},"end":{"line":20,"column":null}},{"start":{"line":20,"column":12},"end":{"line":20,"column":null}}],"line":19}},"s":{"0":1,"1":1,"2":1,"3":1,"4":1,"5":0,"6":1,"7":1,"8":0,"9":1,"10":0},"f":{"0":1,"1":0},"b":{"0":[1,0],"1":[1,0]},"meta":{"lastBranch":2,"lastFunction":2,"lastStatement":11,"seen":{"s:8:13:20:Infinity":0,"f:8:13:8:34":0,"s:8:34:8:35":1,"s:8:35:8:43":2,"b:8:43:19:Infinity:19:10:19:Infinity":0,"s:8:43:19:Infinity":3,"s:11:9:19:10":4,"s:19:10:19:Infinity":5,"b:19:10:20:Infinity:20:12:20:Infinity":1,"s:19:10:20:Infinity":6,"s:10:4:20:Infinity":7,"s:20:12:20:Infinity":8,"s:20:12:10:19":9,"f:8:34:8:35":1,"s:8:34:18:Infinity":10},"fnNames":{}}}
,"/home/elros/Documents/Programming/React-2026/03-gifs-app/src/gifs/components/PreviousSearches.tsx": {"path":"/home/elros/Documents/Programming/React-2026/03-gifs-app/src/gifs/components/PreviousSearches.tsx","statementMap":{"0":{"start":{"line":8,"column":13},"end":{"line":17,"column":null}},"1":{"start":{"line":8,"column":43},"end":{"line":8,"column":44}},"2":{"start":{"line":8,"column":44},"end":{"line":8,"column":70}},"3":{"start":{"line":8,"column":70},"end":{"line":11,"column":null}},"4":{"start":{"line":11,"column":6},"end":{"line":11,"column":null}},"5":{"start":{"line":11,"column":32},"end":{"line":11,"column":null}},"6":{"start":{"line":11,"column":32},"end":{"line":14,"column":null}},"7":{"start":{"line":11,"column":32},"end":{"line":14,"column":117}},"8":{"start":{"line":14,"column":23},"end":{"line":14,"column":117}},"9":{"start":{"line":14,"column":37},"end":{"line":14,"column":117}},"10":{"start":{"line":14,"column":56},"end":{"line":14,"column":87}},"11":{"start":{"line":14,"column":116},"end":{"line":14,"column":117}},"12":{"start":{"line":14,"column":10},"end":{"line":14,"column":117}},"13":{"start":{"line":14,"column":117},"end":{"line":14,"column":null}},"14":{"start":{"line":14,"column":117},"end":{"line":17,"column":null}},"15":{"start":{"line":10,"column":4},"end":{"line":17,"column":null}},"16":{"start":{"line":17,"column":10},"end":{"line":17,"column":null}},"17":{"start":{"line":17,"column":10},"end":{"line":10,"column":19}}},"fnMap":{"0":{"name":"(anonymous_0)","decl":{"start":{"line":8,"column":13},"end":{"line":8,"column":43}},"loc":{"start":{"line":8,"column":43},"end":{"line":17,"column":null}},"line":8},"1":{"name":"(anonymous_1)","decl":{"start":{"line":14,"column":23},"end":{"line":14,"column":37}},"loc":{"start":{"line":14,"column":37},"end":{"line":14,"column":117}},"line":14},"2":{"name":"(anonymous_2)","decl":{"start":{"line":14,"column":50},"end":{"line":14,"column":56}},"loc":{"start":{"line":14,"column":56},"end":{"line":14,"column":87}},"line":14}},"branchMap":{"0":{"loc":{"start":{"line":8,"column":70},"end":{"line":11,"column":null}},"type":"if","locations":[{"start":{"line":8,"column":70},"end":{"line":11,"column":null}},{"start":{"line":11,"column":32},"end":{"line":11,"column":null}}],"line":8},"1":{"loc":{"start":{"line":11,"column":32},"end":{"line":14,"column":null}},"type":"if","locations":[{"start":{"line":11,"column":32},"end":{"line":14,"column":null}},{"start":{"line":14,"column":117},"end":{"line":14,"column":null}}],"line":11},"2":{"loc":{"start":{"line":11,"column":32},"end":{"line":11,"column":null}},"type":"binary-expr","locations":[{"start":{"line":11,"column":32},"end":{"line":11,"column":null}},{"start":{"line":11,"column":32},"end":{"line":11,"column":null}}],"line":11},"3":{"loc":{"start":{"line":11,"column":32},"end":{"line":14,"column":117}},"type":"if","locations":[{"start":{"line":11,"column":32},"end":{"line":14,"column":117}},{"start":{"line":14,"column":116},"end":{"line":14,"column":117}}],"line":11},"4":{"loc":{"start":{"line":14,"column":117},"end":{"line":17,"column":null}},"type":"if","locations":[{"start":{"line":14,"column":117},"end":{"line":17,"column":null}},{"start":{"line":17,"column":10},"end":{"line":17,"column":null}}],"line":14}},"s":{"0":1,"1":1,"2":1,"3":1,"4":1,"5":0,"6":1,"7":1,"8":1,"9":0,"10":0,"11":0,"12":1,"13":0,"14":1,"15":1,"16":0,"17":1},"f":{"0":1,"1":0,"2":0},"b":{"0":[1,0],"1":[1,0],"2":[1,0],"3":[1,0],"4":[1,0]},"meta":{"lastBranch":5,"lastFunction":3,"lastStatement":18,"seen":{"s:8:13:17:Infinity":0,"f:8:13:8:43":0,"s:8:43:8:44":1,"s:8:44:8:70":2,"b:8:70:11:Infinity:11:32:11:Infinity":0,"s:8:70:11:Infinity":3,"s:11:6:11:Infinity":4,"s:11:32:11:Infinity":5,"b:11:32:14:Infinity:14:117:14:Infinity":1,"s:11:32:14:Infinity":6,"b:11:32:11:Infinity:11:32:11:Infinity":2,"b:11:32:14:117:14:116:14:117":3,"s:11:32:14:117":7,"s:14:23:14:117":8,"f:14:23:14:37":1,"s:14:37:14:117":9,"f:14:50:14:56":2,"s:14:56:14:87":10,"s:14:116:14:117":11,"s:14:10:14:117":12,"s:14:117:14:Infinity":13,"b:14:117:17:Infinity:17:10:17:Infinity":4,"s:14:117:17:Infinity":14,"s:10:4:17:Infinity":15,"s:17:10:17:Infinity":16,"s:17:10:10:19":17},"fnNames":{}}}
,"/home/elros/Documents/Programming/React-2026/03-gifs-app/src/gifs/hooks/useGifs.tsx": {"path":"/home/elros/Documents/Programming/React-2026/03-gifs-app/src/gifs/hooks/useGifs.tsx","statementMap":{"0":{"start":{"line":9,"column":13},"end":{"line":80,"column":null}},"1":{"start":{"line":9,"column":23},"end":{"line":9,"column":null}},"2":{"start":{"line":9,"column":23},"end":{"line":11,"column":67}},"3":{"start":{"line":11,"column":63},"end":{"line":11,"column":65}},"4":{"start":{"line":11,"column":65},"end":{"line":11,"column":67}},"5":{"start":{"line":11,"column":2},"end":{"line":11,"column":67}},"6":{"start":{"line":11,"column":67},"end":{"line":14,"column":46}},"7":{"start":{"line":14,"column":42},"end":{"line":14,"column":44}},"8":{"start":{"line":14,"column":44},"end":{"line":14,"column":46}},"9":{"start":{"line":14,"column":2},"end":{"line":14,"column":46}},"10":{"start":{"line":14,"column":46},"end":{"line":28,"column":56}},"11":{"start":{"line":28,"column":52},"end":{"line":28,"column":54}},"12":{"start":{"line":28,"column":54},"end":{"line":28,"column":56}},"13":{"start":{"line":28,"column":4},"end":{"line":28,"column":56}},"14":{"start":{"line":28,"column":56},"end":{"line":47,"column":4}},"15":{"start":{"line":32,"column":28},"end":{"line":46,"column":30}},"16":{"start":{"line":33,"column":4},"end":{"line":33,"column":null}},"17":{"start":{"line":36,"column":4},"end":{"line":38,"column":null}},"18":{"start":{"line":38,"column":6},"end":{"line":38,"column":38}},"19":{"start":{"line":38,"column":38},"end":{"line":38,"column":null}},"20":{"start":{"line":44,"column":17},"end":{"line":44,"column":null}},"21":{"start":{"line":45,"column":4},"end":{"line":45,"column":null}},"22":{"start":{"line":46,"column":4},"end":{"line":46,"column":null}},"23":{"start":{"line":47,"column":3},"end":{"line":47,"column":4}},"24":{"start":{"line":32,"column":28},"end":{"line":32,"column":null}},"25":{"start":{"line":47,"column":4},"end":{"line":71,"column":4}},"26":{"start":{"line":50,"column":23},"end":{"line":70,"column":null}},"27":{"start":{"line":50,"column":30},"end":{"line":50,"column":null}},"28":{"start":{"line":52,"column":4},"end":{"line":52,"column":null}},"29":{"start":{"line":55,"column":4},"end":{"line":55,"column":null}},"30":{"start":{"line":55,"column":31},"end":{"line":55,"column":null}},"31":{"start":{"line":58,"column":4},"end":{"line":58,"column":null}},"32":{"start":{"line":58,"column":42},"end":{"line":58,"column":null}},"33":{"start":{"line":61,"column":4},"end":{"line":61,"column":null}},"34":{"start":{"line":63,"column":25},"end":{"line":63,"column":null}},"35":{"start":{"line":66,"column":4},"end":{"line":66,"column":null}},"36":{"start":{"line":69,"column":4},"end":{"line":69,"column":null}},"37":{"start":{"line":70,"column":4},"end":{"line":70,"column":26}},"38":{"start":{"line":71,"column":3},"end":{"line":71,"column":4}},"39":{"start":{"line":50,"column":23},"end":{"line":50,"column":30}},"40":{"start":{"line":71,"column":4},"end":{"line":80,"column":null}},"41":{"start":{"line":73,"column":9},"end":{"line":80,"column":3}},"42":{"start":{"line":80,"column":3},"end":{"line":80,"column":null}},"43":{"start":{"line":80,"column":3},"end":{"line":73,"column":null}}},"fnMap":{"0":{"name":"(anonymous_0)","decl":{"start":{"line":9,"column":13},"end":{"line":9,"column":23}},"loc":{"start":{"line":9,"column":23},"end":{"line":80,"column":null}},"line":9},"1":{"name":"(anonymous_1)","decl":{"start":{"line":32,"column":28},"end":{"line":32,"column":null}},"loc":{"start":{"line":32,"column":28},"end":{"line":46,"column":30}},"line":32},"2":{"name":"(anonymous_2)","decl":{"start":{"line":50,"column":23},"end":{"line":50,"column":30}},"loc":{"start":{"line":50,"column":23},"end":{"line":70,"column":null}},"line":50}},"branchMap":{"0":{"loc":{"start":{"line":9,"column":23},"end":{"line":11,"column":67}},"type":"if","locations":[{"start":{"line":9,"column":23},"end":{"line":11,"column":67}},{"start":{"line":11,"column":65},"end":{"line":11,"column":67}}],"line":9},"1":{"loc":{"start":{"line":11,"column":67},"end":{"line":14,"column":46}},"type":"if","locations":[{"start":{"line":11,"column":67},"end":{"line":14,"column":46}},{"start":{"line":14,"column":44},"end":{"line":14,"column":46}}],"line":11},"2":{"loc":{"start":{"line":14,"column":46},"end":{"line":28,"column":56}},"type":"if","locations":[{"start":{"line":14,"column":46},"end":{"line":28,"column":56}},{"start":{"line":28,"column":54},"end":{"line":28,"column":56}}],"line":14},"3":{"loc":{"start":{"line":28,"column":56},"end":{"line":47,"column":4}},"type":"if","locations":[{"start":{"line":28,"column":56},"end":{"line":47,"column":4}},{"start":{"line":47,"column":3},"end":{"line":47,"column":4}}],"line":28},"4":{"loc":{"start":{"line":36,"column":4},"end":{"line":38,"column":null}},"type":"if","locations":[{"start":{"line":36,"column":4},"end":{"line":38,"column":null}},{"start":{},"end":{}}],"line":36},"5":{"loc":{"start":{"line":47,"column":4},"end":{"line":71,"column":4}},"type":"if","locations":[{"start":{"line":47,"column":4},"end":{"line":71,"column":4}},{"start":{"line":71,"column":3},"end":{"line":71,"column":4}}],"line":47},"6":{"loc":{"start":{"line":50,"column":30},"end":{"line":50,"column":null}},"type":"cond-expr","locations":[{"start":{"line":50,"column":30},"end":{"line":50,"column":null}},{"start":{"line":50,"column":30},"end":{"line":50,"column":null}}],"line":50},"7":{"loc":{"start":{"line":55,"column":4},"end":{"line":55,"column":null}},"type":"if","locations":[{"start":{"line":55,"column":4},"end":{"line":55,"column":null}},{"start":{},"end":{}}],"line":55},"8":{"loc":{"start":{"line":58,"column":4},"end":{"line":58,"column":null}},"type":"if","locations":[{"start":{"line":58,"column":4},"end":{"line":58,"column":null}},{"start":{},"end":{}}],"line":58},"9":{"loc":{"start":{"line":71,"column":4},"end":{"line":80,"column":null}},"type":"if","locations":[{"start":{"line":71,"column":4},"end":{"line":80,"column":null}},{"start":{"line":80,"column":3},"end":{"line":80,"column":null}}],"line":71},"10":{"loc":{"start":{"line":71,"column":4},"end":{"line":71,"column":null}},"type":"binary-expr","locations":[{"start":{"line":71,"column":4},"end":{"line":71,"column":null}},{"start":{"line":71,"column":4},"end":{"line":71,"column":null}},{"start":{"line":71,"column":4},"end":{"line":71,"column":null}}],"line":71}},"s":{"0":2,"1":11,"2":11,"3":6,"4":5,"5":11,"6":11,"7":6,"8":5,"9":11,"10":11,"11":6,"12":5,"13":11,"14":11,"15":6,"16":3,"17":3,"18":1,"19":1,"20":2,"21":2,"22":2,"23":5,"24":11,"25":11,"26":8,"27":5,"28":5,"29":5,"30":0,"31":5,"32":0,"33":5,"34":5,"35":5,"36":5,"37":5,"38":3,"39":11,"40":11,"41":10,"42":1,"43":11},"f":{"0":11,"1":3,"2":5},"b":{"0":[6,5],"1":[6,5],"2":[6,5],"3":[6,5],"4":[1,2],"5":[8,3],"6":[0,5],"7":[0,5],"8":[0,5],"9":[10,1],"10":[11,1,1]},"meta":{"lastBranch":11,"lastFunction":3,"lastStatement":44,"seen":{"s:9:13:80:Infinity":0,"f:9:13:9:23":0,"s:9:23:9:Infinity":1,"b:9:23:11:67:11:65:11:67":0,"s:9:23:11:67":2,"s:11:63:11:65":3,"s:11:65:11:67":4,"s:11:2:11:67":5,"b:11:67:14:46:14:44:14:46":1,"s:11:67:14:46":6,"s:14:42:14:44":7,"s:14:44:14:46":8,"s:14:2:14:46":9,"b:14:46:28:56:28:54:28:56":2,"s:14:46:28:56":10,"s:28:52:28:54":11,"s:28:54:28:56":12,"s:28:4:28:56":13,"b:28:56:47:4:47:3:47:4":3,"s:28:56:47:4":14,"s:32:28:46:30":15,"f:32:28:32:Infinity":1,"s:33:4:33:Infinity":16,"b:36:4:38:Infinity:undefined:undefined:undefined:undefined":4,"s:36:4:38:Infinity":17,"s:38:6:38:38":18,"s:38:38:38:Infinity":19,"s:44:17:44:Infinity":20,"s:45:4:45:Infinity":21,"s:46:4:46:Infinity":22,"s:47:3:47:4":23,"s:32:28:32:Infinity":24,"b:47:4:71:4:71:3:71:4":5,"s:47:4:71:4":25,"s:50:23:70:Infinity":26,"f:50:23:50:30":2,"s:50:30:50:Infinity":27,"b:50:30:50:Infinity:50:30:50:Infinity":6,"s:52:4:52:Infinity":28,"b:55:4:55:Infinity:undefined:undefined:undefined:undefined":7,"s:55:4:55:Infinity":29,"s:55:31:55:Infinity":30,"b:58:4:58:Infinity:undefined:undefined:undefined:undefined":8,"s:58:4:58:Infinity":31,"s:58:42:58:Infinity":32,"s:61:4:61:Infinity":33,"s:63:25:63:Infinity":34,"s:66:4:66:Infinity":35,"s:69:4:69:Infinity":36,"s:70:4:70:26":37,"s:71:3:71:4":38,"s:50:23:50:30":39,"b:71:4:80:Infinity:80:3:80:Infinity":9,"s:71:4:80:Infinity":40,"b:71:4:71:Infinity:71:4:71:Infinity:71:4:71:Infinity":10,"s:73:9:80:3":41,"s:80:3:80:Infinity":42,"s:80:3:73:Infinity":43},"fnNames":{}}}
,"/home/elros/Documents/Programming/React-2026/03-gifs-app/src/shared/components/CustomHeader.tsx": {"path":"/home/elros/Documents/Programming/React-2026/03-gifs-app/src/shared/components/CustomHeader.tsx","statementMap":{"0":{"start":{"line":8,"column":13},"end":{"line":13,"column":null}},"1":{"start":{"line":8,"column":39},"end":{"line":8,"column":40}},"2":{"start":{"line":8,"column":40},"end":{"line":8,"column":60}},"3":{"start":{"line":8,"column":60},"end":{"line":11,"column":null}},"4":{"start":{"line":11,"column":6},"end":{"line":11,"column":null}},"5":{"start":{"line":11,"column":22},"end":{"line":11,"column":null}},"6":{"start":{"line":11,"column":22},"end":{"line":12,"column":null}},"7":{"start":{"line":12,"column":7},"end":{"line":12,"column":null}},"8":{"start":{"line":12,"column":42},"end":{"line":12,"column":null}},"9":{"start":{"line":12,"column":42},"end":{"line":13,"column":null}},"10":{"start":{"line":10,"column":4},"end":{"line":13,"column":null}},"11":{"start":{"line":13,"column":12},"end":{"line":13,"column":null}},"12":{"start":{"line":13,"column":12},"end":{"line":10,"column":19}}},"fnMap":{"0":{"name":"(anonymous_0)","decl":{"start":{"line":8,"column":13},"end":{"line":8,"column":39}},"loc":{"start":{"line":8,"column":39},"end":{"line":13,"column":null}},"line":8}},"branchMap":{"0":{"loc":{"start":{"line":8,"column":60},"end":{"line":11,"column":null}},"type":"if","locations":[{"start":{"line":8,"column":60},"end":{"line":11,"column":null}},{"start":{"line":11,"column":22},"end":{"line":11,"column":null}}],"line":8},"1":{"loc":{"start":{"line":11,"column":22},"end":{"line":12,"column":null}},"type":"if","locations":[{"start":{"line":11,"column":22},"end":{"line":12,"column":null}},{"start":{"line":12,"column":42},"end":{"line":12,"column":null}}],"line":11},"2":{"loc":{"start":{"line":12,"column":7},"end":{"line":12,"column":null}},"type":"binary-expr","locations":[{"start":{"line":12,"column":7},"end":{"line":12,"column":22}},{"start":{"line":12,"column":22},"end":{"line":12,"column":null}}],"line":12},"3":{"loc":{"start":{"line":12,"column":42},"end":{"line":13,"column":null}},"type":"if","locations":[{"start":{"line":12,"column":42},"end":{"line":13,"column":null}},{"start":{"line":13,"column":12},"end":{"line":13,"column":null}}],"line":12},"4":{"loc":{"start":{"line":12,"column":42},"end":{"line":12,"column":null}},"type":"binary-expr","locations":[{"start":{"line":12,"column":42},"end":{"line":12,"column":null}},{"start":{"line":12,"column":42},"end":{"line":12,"column":null}}],"line":12}},"s":{"0":2,"1":4,"2":4,"3":4,"4":4,"5":0,"6":4,"7":4,"8":0,"9":4,"10":4,"11":0,"12":4},"f":{"0":4},"b":{"0":[4,0],"1":[4,0],"2":[4,2],"3":[4,0],"4":[4,0]},"meta":{"lastBranch":5,"lastFunction":1,"lastStatement":13,"seen":{"s:8:13:13:Infinity":0,"f:8:13:8:39":0,"s:8:39:8:40":1,"s:8:40:8:60":2,"b:8:60:11:Infinity:11:22:11:Infinity":0,"s:8:60:11:Infinity":3,"s:11:6:11:Infinity":4,"s:11:22:11:Infinity":5,"b:11:22:12:Infinity:12:42:12:Infinity":1,"s:11:22:12:Infinity":6,"s:12:7:12:Infinity":7,"b:12:7:12:22:12:22:12:Infinity":2,"s:12:42:12:Infinity":8,"b:12:42:13:Infinity:13:12:13:Infinity":3,"s:12:42:13:Infinity":9,"b:12:42:12:Infinity:12:42:12:Infinity":4,"s:10:4:13:Infinity":10,"s:13:12:13:Infinity":11,"s:13:12:10:19":12},"fnNames":{}}}
,"/home/elros/Documents/Programming/React-2026/03-gifs-app/src/shared/components/SearchBar.tsx": {"path":"/home/elros/Documents/Programming/React-2026/03-gifs-app/src/shared/components/SearchBar.tsx","statementMap":{"0":{"start":{"line":8,"column":13},"end":{"line":61,"column":null}},"1":{"start":{"line":8,"column":36},"end":{"line":8,"column":37}},"2":{"start":{"line":8,"column":37},"end":{"line":8,"column":39}},"3":{"start":{"line":8,"column":39},"end":{"line":8,"column":null}},"4":{"start":{"line":11,"column":2},"end":{"line":11,"column":49}},"5":{"start":{"line":11,"column":49},"end":{"line":17,"column":4}},"6":{"start":{"line":14,"column":25},"end":{"line":16,"column":null}},"7":{"start":{"line":15,"column":4},"end":{"line":15,"column":null}},"8":{"start":{"line":16,"column":4},"end":{"line":16,"column":32}},"9":{"start":{"line":17,"column":3},"end":{"line":17,"column":4}},"10":{"start":{"line":14,"column":25},"end":{"line":14,"column":null}},"11":{"start":{"line":17,"column":4},"end":{"line":25,"column":null}},"12":{"start":{"line":20,"column":23},"end":{"line":24,"column":null}},"13":{"start":{"line":22,"column":4},"end":{"line":22,"column":null}},"14":{"start":{"line":24,"column":4},"end":{"line":24,"column":16}},"15":{"start":{"line":25,"column":3},"end":{"line":25,"column":null}},"16":{"start":{"line":20,"column":23},"end":{"line":20,"column":null}},"17":{"start":{"line":25,"column":3},"end":{"line":43,"column":null}},"18":{"start":{"line":29,"column":4},"end":{"line":41,"column":null}},"19":{"start":{"line":31,"column":22},"end":{"line":34,"column":14}},"20":{"start":{"line":33,"column":8},"end":{"line":33,"column":22}},"21":{"start":{"line":34,"column":14},"end":{"line":40,"column":null}},"22":{"start":{"line":40,"column":8},"end":{"line":40,"column":29}},"23":{"start":{"line":43,"column":4},"end":{"line":43,"column":20}},"24":{"start":{"line":43,"column":20},"end":{"line":43,"column":null}},"25":{"start":{"line":28,"column":2},"end":{"line":44,"column":3}},"26":{"start":{"line":44,"column":3},"end":{"line":53,"column":null}},"27":{"start":{"line":53,"column":18},"end":{"line":53,"column":50}},"28":{"start":{"line":53,"column":29},"end":{"line":53,"column":50}},"29":{"start":{"line":53,"column":50},"end":{"line":53,"column":null}},"30":{"start":{"line":53,"column":50},"end":{"line":55,"column":null}},"31":{"start":{"line":55,"column":19},"end":{"line":55,"column":69}},"32":{"start":{"line":55,"column":30},"end":{"line":55,"column":69}},"33":{"start":{"line":55,"column":69},"end":{"line":55,"column":null}},"34":{"start":{"line":55,"column":69},"end":{"line":56,"column":null}},"35":{"start":{"line":48,"column":6},"end":{"line":55,"column":null}},"36":{"start":{"line":56,"column":8},"end":{"line":56,"column":null}},"37":{"start":{"line":56,"column":8},"end":{"line":60,"column":null}},"38":{"start":{"line":57,"column":6},"end":{"line":60,"column":null}},"39":{"start":{"line":60,"column":22},"end":{"line":60,"column":null}},"40":{"start":{"line":60,"column":22},"end":{"line":61,"column":null}},"41":{"start":{"line":47,"column":4},"end":{"line":61,"column":null}},"42":{"start":{"line":61,"column":10},"end":{"line":61,"column":null}},"43":{"start":{"line":61,"column":10},"end":{"line":47,"column":19}}},"fnMap":{"0":{"name":"(anonymous_0)","decl":{"start":{"line":8,"column":13},"end":{"line":8,"column":36}},"loc":{"start":{"line":8,"column":36},"end":{"line":61,"column":null}},"line":8},"1":{"name":"(anonymous_1)","decl":{"start":{"line":14,"column":25},"end":{"line":14,"column":null}},"loc":{"start":{"line":14,"column":25},"end":{"line":16,"column":null}},"line":14},"2":{"name":"(anonymous_2)","decl":{"start":{"line":20,"column":23},"end":{"line":20,"column":null}},"loc":{"start":{"line":20,"column":23},"end":{"line":24,"column":null}},"line":20},"3":{"name":"(anonymous_3)","decl":{"start":{"line":29,"column":4},"end":{"line":29,"column":null}},"loc":{"start":{"line":29,"column":4},"end":{"line":41,"column":null}},"line":29},"4":{"name":"(anonymous_4)","decl":{"start":{"line":31,"column":22},"end":{"line":31,"column":33}},"loc":{"start":{"line":31,"column":33},"end":{"line":33,"column":null}},"line":31},"5":{"name":"(anonymous_5)","decl":{"start":{"line":34,"column":14},"end":{"line":34,"column":null}},"loc":{"start":{"line":37,"column":13},"end":{"line":40,"column":null}},"line":37},"6":{"name":"(anonymous_6)","decl":{"start":{"line":53,"column":18},"end":{"line":53,"column":29}},"loc":{"start":{"line":53,"column":29},"end":{"line":53,"column":50}},"line":53},"7":{"name":"(anonymous_7)","decl":{"start":{"line":55,"column":19},"end":{"line":55,"column":30}},"loc":{"start":{"line":55,"column":30},"end":{"line":55,"column":69}},"line":55}},"branchMap":{"0":{"loc":{"start":{"line":8,"column":39},"end":{"line":8,"column":null}},"type":"cond-expr","locations":[{"start":{"line":8,"column":39},"end":{"line":8,"column":null}},{"start":{"line":8,"column":39},"end":{"line":8,"column":null}}],"line":8},"1":{"loc":{"start":{"line":11,"column":49},"end":{"line":17,"column":4}},"type":"if","locations":[{"start":{"line":11,"column":49},"end":{"line":17,"column":4}},{"start":{"line":17,"column":3},"end":{"line":17,"column":4}}],"line":11},"2":{"loc":{"start":{"line":17,"column":4},"end":{"line":25,"column":null}},"type":"if","locations":[{"start":{"line":17,"column":4},"end":{"line":25,"column":null}},{"start":{"line":25,"column":3},"end":{"line":25,"column":null}}],"line":17},"3":{"loc":{"start":{"line":17,"column":4},"end":{"line":17,"column":null}},"type":"binary-expr","locations":[{"start":{"line":17,"column":4},"end":{"line":17,"column":null}},{"start":{"line":17,"column":4},"end":{"line":17,"column":null}}],"line":17},"4":{"loc":{"start":{"line":25,"column":3},"end":{"line":43,"column":null}},"type":"if","locations":[{"start":{"line":25,"column":3},"end":{"line":43,"column":null}},{"start":{"line":43,"column":20},"end":{"line":43,"column":null}}],"line":25},"5":{"loc":{"start":{"line":25,"column":3},"end":{"line":25,"column":null}},"type":"binary-expr","locations":[{"start":{"line":25,"column":3},"end":{"line":25,"column":null}},{"start":{"line":25,"column":3},"end":{"line":25,"column":null}}],"line":25},"6":{"loc":{"start":{"line":44,"column":3},"end":{"line":53,"column":null}},"type":"if","locations":[{"start":{"line":44,"column":3},"end":{"line":53,"column":null}},{"start":{"line":53,"column":50},"end":{"line":53,"column":null}}],"line":44},"7":{"loc":{"start":{"line":53,"column":50},"end":{"line":55,"column":null}},"type":"if","locations":[{"start":{"line":53,"column":50},"end":{"line":55,"column":null}},{"start":{"line":55,"column":69},"end":{"line":55,"column":null}}],"line":53},"8":{"loc":{"start":{"line":55,"column":30},"end":{"line":55,"column":69}},"type":"binary-expr","locations":[{"start":{"line":55,"column":30},"end":{"line":55,"column":55}},{"start":{"line":55,"column":55},"end":{"line":55,"column":69}}],"line":55},"9":{"loc":{"start":{"line":55,"column":69},"end":{"line":56,"column":null}},"type":"if","locations":[{"start":{"line":55,"column":69},"end":{"line":56,"column":null}},{"start":{"line":56,"column":8},"end":{"line":56,"column":null}}],"line":55},"10":{"loc":{"start":{"line":55,"column":69},"end":{"line":55,"column":null}},"type":"binary-expr","locations":[{"start":{"line":55,"column":69},"end":{"line":55,"column":null}},{"start":{"line":55,"column":69},"end":{"line":55,"column":null}},{"start":{"line":55,"column":69},"end":{"line":55,"column":null}}],"line":55},"11":{"loc":{"start":{"line":56,"column":8},"end":{"line":60,"column":null}},"type":"if","locations":[{"start":{"line":56,"column":8},"end":{"line":60,"column":null}},{"start":{"line":60,"column":22},"end":{"line":60,"column":null}}],"line":56},"12":{"loc":{"start":{"line":60,"column":22},"end":{"line":61,"column":null}},"type":"if","locations":[{"start":{"line":60,"column":22},"end":{"line":61,"column":null}},{"start":{"line":61,"column":10},"end":{"line":61,"column":null}}],"line":60},"13":{"loc":{"start":{"line":60,"column":22},"end":{"line":60,"column":null}},"type":"binary-expr","locations":[{"start":{"line":60,"column":22},"end":{"line":60,"column":null}},{"start":{"line":60,"column":22},"end":{"line":60,"column":null}}],"line":60}},"s":{"0":2,"1":12,"2":12,"3":12,"4":12,"5":12,"6":5,"7":6,"8":6,"9":7,"10":12,"11":12,"12":12,"13":1,"14":1,"15":0,"16":12,"17":12,"18":12,"19":12,"20":2,"21":12,"22":12,"23":12,"24":0,"25":12,"26":12,"27":5,"28":6,"29":7,"30":12,"31":12,"32":0,"33":0,"34":12,"35":12,"36":0,"37":12,"38":12,"39":0,"40":12,"41":12,"42":0,"43":12},"f":{"0":12,"1":6,"2":1,"3":12,"4":2,"5":12,"6":6,"7":0},"b":{"0":[11,1],"1":[5,7],"2":[12,0],"3":[12,7],"4":[12,0],"5":[12,7],"6":[5,7],"7":[12,0],"8":[0,0],"9":[12,0],"10":[12,7,0],"11":[12,0],"12":[12,0],"13":[12,0]},"meta":{"lastBranch":14,"lastFunction":8,"lastStatement":44,"seen":{"s:8:13:61:Infinity":0,"f:8:13:8:36":0,"s:8:36:8:37":1,"s:8:37:8:39":2,"s:8:39:8:Infinity":3,"b:8:39:8:Infinity:8:39:8:Infinity":0,"s:11:2:11:49":4,"b:11:49:17:4:17:3:17:4":1,"s:11:49:17:4":5,"s:14:25:16:Infinity":6,"f:14:25:14:Infinity":1,"s:15:4:15:Infinity":7,"s:16:4:16:32":8,"s:17:3:17:4":9,"s:14:25:14:Infinity":10,"b:17:4:25:Infinity:25:3:25:Infinity":2,"s:17:4:25:Infinity":11,"b:17:4:17:Infinity:17:4:17:Infinity":3,"s:20:23:24:Infinity":12,"f:20:23:20:Infinity":2,"s:22:4:22:Infinity":13,"s:24:4:24:16":14,"s:25:3:25:Infinity":15,"s:20:23:20:Infinity":16,"b:25:3:43:Infinity:43:20:43:Infinity":4,"s:25:3:43:Infinity":17,"b:25:3:25:Infinity:25:3:25:Infinity":5,"s:29:4:41:Infinity":18,"f:29:4:29:Infinity":3,"s:31:22:34:14":19,"f:31:22:31:33":4,"s:33:8:33:22":20,"s:34:14:40:Infinity":21,"f:34:14:34:Infinity":5,"s:40:8:40:29":22,"s:43:4:43:20":23,"s:43:20:43:Infinity":24,"s:28:2:44:3":25,"b:44:3:53:Infinity:53:50:53:Infinity":6,"s:44:3:53:Infinity":26,"s:53:18:53:50":27,"f:53:18:53:29":6,"s:53:29:53:50":28,"s:53:50:53:Infinity":29,"b:53:50:55:Infinity:55:69:55:Infinity":7,"s:53:50:55:Infinity":30,"s:55:19:55:69":31,"f:55:19:55:30":7,"s:55:30:55:69":32,"b:55:30:55:55:55:55:55:69":8,"s:55:69:55:Infinity":33,"b:55:69:56:Infinity:56:8:56:Infinity":9,"s:55:69:56:Infinity":34,"b:55:69:55:Infinity:55:69:55:Infinity:55:69:55:Infinity":10,"s:48:6:55:Infinity":35,"s:56:8:56:Infinity":36,"b:56:8:60:Infinity:60:22:60:Infinity":11,"s:56:8:60:Infinity":37,"s:57:6:60:Infinity":38,"s:60:22:60:Infinity":39,"b:60:22:61:Infinity:61:10:61:Infinity":12,"s:60:22:61:Infinity":40,"b:60:22:60:Infinity:60:22:60:Infinity":13,"s:47:4:61:Infinity":41,"s:61:10:61:Infinity":42,"s:61:10:47:19":43},"fnNames":{}}}
,"/home/elros/Documents/Programming/React-2026/03-gifs-app/src/tests/mock/giphy.response.data.ts": {"path":"/home/elros/Documents/Programming/React-2026/03-gifs-app/src/tests/mock/giphy.response.data.ts","statementMap":{"0":{"start":{"line":1,"column":32},"end":{"line":1960,"column":null}}},"fnMap":{},"branchMap":{},"s":{"0":1},"f":{},"b":{},"meta":{"lastBranch":0,"lastFunction":0,"lastStatement":1,"seen":{"s:1:32:1960:Infinity":0},"fnNames":{}}}
}
